Feature: Lista katalog med böcker # features/show_books.feature:1
  Som en användare av Läslistan
  Vill jag kunna se en lista över böcker i katalogen
  För att se tips på böcker att läsa
  Background:   # features/show_books.feature:6

  Scenario: Lista med böcker är inte tom  # features/show_books.feature:10
    Given att jag är på hemsidan          # steps/show_books.py:10
    And jag är på sidan Katalog           # None
    When jag är på sidan Katalog          # None
    Then bör jag se minst 7 sökresultat   # None

  Scenario Outline: Listan med böcker innehåller givna titlar -- @1.1                                       # features/show_books.feature:20
    Given att jag är på hemsidan                                                                            # steps/show_books.py:10
    And jag är på sidan Katalog                                                                             # None
    When är på sidan Katalog                                                                                # None
    Then bör boken Hur man tappar bort sin TV-fjärr 10 gånger om dagen med Bertil Flimmer synas i katalogen # None

  Scenario Outline: Listan med böcker innehåller givna titlar -- @1.2                      # features/show_books.feature:21
    Given att jag är på hemsidan                                                           # steps/show_books.py:10
    And jag är på sidan Katalog                                                            # None
    When är på sidan Katalog                                                               # None
    Then bör boken Kaffekokaren som visste för mycket med Saga Espresson synas i katalogen # None

  Scenario Outline: Listan med böcker innehåller givna titlar -- @1.3        # features/show_books.feature:22
    Given att jag är på hemsidan                                             # steps/show_books.py:10
    And jag är på sidan Katalog                                              # None
    When är på sidan Katalog                                                 # None
    Then bör boken Min katt är min chef med Kattis Jamsson synas i katalogen # None

  Scenario Outline: Listan med böcker innehåller givna titlar -- @1.4               # features/show_books.feature:23
    Given att jag är på hemsidan                                                    # steps/show_books.py:10
    And jag är på sidan Katalog                                                     # None
    When är på sidan Katalog                                                        # None
    Then bör boken 100 sätt att undvika måndagar med Göran Snooze synas i katalogen # None

  Scenario Outline: Listan med böcker innehåller givna titlar -- @1.5                         # features/show_books.feature:24
    Given att jag är på hemsidan                                                              # steps/show_books.py:10
    And jag är på sidan Katalog                                                               # None
    When är på sidan Katalog                                                                  # None
    Then bör boken Gräv där du står – och hitta en pizzameny med Maja Skruv synas i katalogen # None

  Scenario Outline: Listan med böcker innehåller givna titlar -- @1.6         # features/show_books.feature:25
    Given att jag är på hemsidan                                              # steps/show_books.py:10
    And jag är på sidan Katalog                                               # None
    When är på sidan Katalog                                                  # None
    Then bör boken Jag trodde det var tisdag med Kim Vilsen synas i katalogen # None

  Scenario Outline: Listan med böcker innehåller givna titlar -- @1.7                                            # features/show_books.feature:26
    Given att jag är på hemsidan                                                                                 # steps/show_books.py:10
    And jag är på sidan Katalog                                                                                  # None
    When är på sidan Katalog                                                                                     # None
    Then bör boken Att prata med växter – och vad de egentligen tycker om dig med Flora Tistel synas i katalogen # None

